<?xml version="1.0" encoding="UTF-8"?>
<!-- Generated by org.testng.reporters.JUnitReportReporter -->
<testsuite skipped="0" hostname="DESKTOP-KHRC35D" name="leaftab.CreateLead" tests="2" failures="0" timestamp="25 Aug 2019 07:38:11 GMT" time="54.665" errors="0">
  <testcase name="class1" time="25.060" classname="leaftab.CreateLead"/>
  <testcase name="class1" time="29.605" classname="leaftab.CreateLead"/>
</testsuite> <!-- leaftab.CreateLead -->
