<?xml version="1.0" encoding="UTF-8"?>
<!-- Generated by org.testng.reporters.JUnitReportReporter -->
<testsuite skipped="0" hostname="DESKTOP-KHRC35D" name="leaftab.ProjectspecificMethods" tests="1" failures="0" timestamp="24 Aug 2019 07:09:59 GMT" time="27.979" errors="0">
  <testcase name="startApp" time="27.979" classname="leaftab.ProjectspecificMethods"/>
</testsuite> <!-- leaftab.ProjectspecificMethods -->
