<?xml version="1.0" encoding="UTF-8"?>
<!-- Generated by org.testng.reporters.JUnitReportReporter -->
<testsuite skipped="0" hostname="DESKTOP-KHRC35D" name="leaftab.DeleteLead" tests="1" failures="0" timestamp="24 Aug 2019 12:35:22 GMT" time="65.071" errors="0">
  <testcase name="main" time="65.071" classname="leaftab.DeleteLead"/>
</testsuite> <!-- leaftab.DeleteLead -->
