<?xml version="1.0" encoding="UTF-8"?>
<!-- Generated by org.testng.reporters.JUnitReportReporter -->
<testsuite skipped="0" hostname="DESKTOP-KHRC35D" name="leaftab.MergeLead" tests="1" failures="0" timestamp="25 Aug 2019 07:38:11 GMT" time="36.846" errors="0">
  <testcase name="mergeLead" time="36.846" classname="leaftab.MergeLead"/>
</testsuite> <!-- leaftab.MergeLead -->
