<?xml version="1.0" encoding="UTF-8"?>
<!-- Generated by org.testng.reporters.JUnitReportReporter -->
<testsuite skipped="0" hostname="DESKTOP-KHRC35D" name="javapractices.CountofString" tests="2" failures="0" timestamp="14 Sep 2019 19:21:18 GMT" time="0.056" errors="0">
  <testcase name="Approach2" time="0.021" classname="javapractices.CountofString"/>
  <testcase name="Approach1" time="0.035" classname="javapractices.CountofString"/>
</testsuite> <!-- javapractices.CountofString -->
